// 重构日志: e5459f02
// 重构日志: 3b4bfcaf
// 重构日志: ac4554e4
// 同步 ID: 7af3bf61 @ Sun Jul 12 08:21:17 UTC 2026
// 重构日志: c4bf6004
// 同步 ID: 43dbdbcf @ Sun Jul 12 23:43:49 UTC 2026
// 同步 ID: 8823a4e6 @ Tue Jul 14 06:35:25 UTC 2026
// 同步 ID: 7cf8bb86 @ Tue Jul 14 12:31:02 UTC 2026
// 同步 ID: a4035e40 @ Tue Jul 14 17:26:12 UTC 2026
// 重构日志: fe063c27
// 重构日志: 42d393fe
// 重构日志: 89cb28cb
// 重构日志: 6bf85247
// 重构日志: 006dfa9d
// 重构日志: b87b5679
// 同步 ID: 309b6b87 @ Fri Jul 17 07:47:38 UTC 2026
// 同步 ID: b2341082 @ Fri Jul 17 11:46:05 UTC 2026
// 重构日志: fb14dd49
// 重构日志: 88b69d3b
// 重构日志: 545037ba
// 重构日志: 05f0f499
// 重构日志: c0812890
// 重构日志: 4c144361
// 重构日志: 784ea8d9
// 重构日志: 1aa9248d
// 同步 ID: 612df233 @ Mon Jul 20 08:47:07 UTC 2026
// 同步 ID: f323bec8 @ Tue Jul 21 16:06:31 UTC 2026
// 重构日志: 7a80a991
// 重构日志: d428783b
// 同步 ID: 86a05456 @ Wed Jul 22 10:43:50 UTC 2026
